[2025-11-06T19:02:28.677Z] GET / - ::1
[2025-11-06T19:02:28.776Z] GET /favicon.ico - ::1
[2025-11-07T01:24:09.612Z] GET / - ::1
[2025-11-07T01:24:09.695Z] GET /favicon.ico - ::1
[2025-11-07T19:20:58.789Z] GET / - ::1
[2025-11-07T19:20:58.868Z] GET /favicon.ico - ::1
[2025-11-11T17:31:59.205Z] GET / - ::1
[2025-11-11T17:31:59.279Z] GET /favicon.ico - ::1
[2025-11-11T19:41:50.440Z] GET / - ::1
[2025-11-11T19:41:50.531Z] GET /favicon.ico - ::1
[2025-11-12T00:32:34.164Z] GET /usuarios/ - ::1
[2025-11-12T00:44:38.046Z] GET / - ::1
[2025-11-12T00:59:29.699Z] GET /usuarios/ - ::1
[2025-11-12T01:00:41.064Z] GET /eventos/ - ::1
[2025-11-12T01:00:51.443Z] GET /eventos/?bearer=a527cda572bf9ef0f754d8d37021418b3e2e524a74cb730303733fdc3bf291fe - ::1
[2025-11-12T01:01:06.337Z] GET /eventos/?Bearer=a527cda572bf9ef0f754d8d37021418b3e2e524a74cb730303733fdc3bf291fe - ::1
[2025-11-12T01:01:46.487Z] GET /eventos/ - ::1
[2025-11-12T01:02:39.325Z] GET /eventos/ - ::1
[2025-11-12T01:02:49.108Z] GET /eventos/ - ::1
[2025-11-12T01:03:38.071Z] GET /eventos/ - ::1
[2025-11-12T01:03:40.208Z] GET /eventos/ - ::1
[2025-11-12T01:03:41.399Z] GET /eventos/ - ::1
[2025-11-12T01:03:58.036Z] GET /eventos/ - ::1
[2025-11-12T01:04:19.026Z] GET /eventos/ - ::1
[2025-11-12T01:04:57.778Z] GET /eventos/ - ::1
[2025-11-12T01:10:33.819Z] GET / - ::1
[2025-11-12T01:10:34.066Z] GET /favicon.ico - ::1
[2025-11-12T01:15:10.982Z] GET /eventos/ - ::1
[2025-11-12T01:16:02.510Z] GET /eventos/ - ::1
[2025-11-12T01:17:47.457Z] GET /eventos/ - ::1
[2025-11-12T01:17:56.088Z] GET /eventos/ - ::1
[2025-11-12T01:18:20.907Z] GET /eventos/ - ::1
[2025-11-12T01:19:34.680Z] GET /eventos/ - ::1
[2025-11-12T01:25:23.917Z] GET /usuarios/ - ::1
[2025-11-12T01:26:01.855Z] GET / - ::1
[2025-11-12T01:27:38.290Z] GET /eventos/ - ::1
[2025-11-12T01:29:32.093Z] GET /eventos/ - ::1
[2025-11-12T01:31:13.516Z] GET /eventos/ - ::1
[2025-11-12T01:31:18.987Z] GET /eventos/ - ::1
[2025-11-12T01:32:21.912Z] GET /eventos/ - ::1
[2025-11-12T01:34:37.295Z] GET /eventos/ - ::1
[2025-11-12T01:34:41.224Z] GET /eventos/ - ::1
[2025-11-12T01:37:11.343Z] GET /eventos/eventos - ::1
[2025-11-12T01:39:16.215Z] GET /eventos/eventos - ::1
[2025-11-12T01:39:21.626Z] GET /eventos - ::1
[2025-11-12T01:49:59.005Z] POST /auth/login - ::1
[2025-11-12T01:51:36.922Z] POST /auth/login - ::1
[2025-11-12T01:52:38.293Z] POST /auth/login - ::1
[2025-11-12T01:53:57.935Z] POST /auth/teste/login - ::1
[2025-11-12T01:54:36.880Z] POST /auth/auth/login - ::1
[2025-11-12T01:55:01.880Z] GET /eventos - ::1
[2025-11-12T01:55:23.331Z] GET /usuarios/ - ::1
[2025-11-12T01:55:28.760Z] GET /usuarios/usuarios - ::1
[2025-11-12T01:56:29.779Z] POST /auth/auth/login - ::1
[2025-11-12T01:57:15.951Z] POST /auth/login - ::1
[2025-11-12T02:00:14.085Z] POST /auth/login - ::1
[2025-11-12T02:00:58.082Z] POST /auth/login - ::1
[2025-11-12T02:02:51.356Z] POST /auth/auth/login - ::1
[2025-11-12T02:03:01.840Z] GET / - ::1
[2025-11-12T02:03:03.912Z] GET /auth/auth/login - ::1
[2025-11-12T02:03:15.336Z] GET /auth/auth/login - ::1
[2025-11-12T02:04:47.543Z] GET /inscricoes/ - ::1
[2025-11-12T02:04:51.627Z] GET /inscricoes/ - ::1
[2025-11-12T02:07:14.773Z] GET /usuarios/usuarios - ::1
[2025-11-12T02:10:45.609Z] POST /auth/arrombado/login - ::1
[2025-11-12T02:11:02.782Z] GET /usuarios/ - ::1
[2025-11-12T02:11:08.145Z] GET /usuarios/usuarios - ::1
[2025-11-12T02:11:22.097Z] POST /usuarios/usuarios - ::1
[2025-11-12T02:11:28.734Z] GET /usuarios/usuarios - ::1
[2025-11-12T02:11:41.264Z] GET /usuarios/usuarios - ::1
[2025-11-12T02:11:53.161Z] POST /auth/arrombado/login - ::1
[2025-11-12T02:11:57.966Z] POST /auth/arrombado/login - ::1
[2025-11-12T02:13:02.119Z] POST /auth/login - ::1
[2025-11-12T02:13:11.692Z] POST /auth/login - ::1
[2025-11-12T02:13:39.345Z] POST /auth/login - ::1
[2025-11-12T02:14:02.144Z] POST /auth/login - ::1
[2025-11-12T02:14:09.430Z] POST /auth/login - ::1
[2025-11-12T02:15:51.296Z] POST /auth/login - ::1
[2025-11-12T02:19:26.548Z] POST /auth/login - ::1
[2025-11-12T02:19:38.394Z] POST /auth/auth/login - ::1
[2025-11-12T02:20:05.301Z] POST /auth/login - ::1
[2025-11-12T02:21:33.345Z] POST /auth/login - ::1
[2025-11-12T02:21:51.539Z] POST /auth/auth/login - ::1
[2025-11-12T02:22:33.193Z] POST /auth/auth/login - ::1
[2025-11-12T02:24:29.353Z] POST /auth/login - ::1
[2025-11-12T02:24:51.637Z] POST /auth/login - ::1
[2025-11-12T02:24:55.617Z] POST /auth/login - ::1
[2025-11-12T02:26:28.455Z] POST /auth/login - ::1
[2025-11-12T02:26:34.716Z] POST /auth/login - ::1
[2025-11-12T02:26:40.595Z] POST /auth/auth/login - ::1
[2025-11-14T20:43:29.988Z] GET /usuarios/usuarios - ::1
[2025-11-14T20:44:03.884Z] GET /usuarios/usuarios - ::1
[2025-11-14T20:44:08.250Z] GET /usuarios/ - ::1
[2025-11-14T20:44:12.283Z] GET /usuarios/usuarios - ::1
[2025-11-14T20:47:55.840Z] PUT /usuarios/2 - ::1
[2025-11-14T20:48:03.025Z] PUT /usuarios/usuarios/2 - ::1
[2025-11-14T20:48:27.717Z] POST /usuarios/ - ::1
[2025-11-14T20:48:32.441Z] POST /usuarios/usuarios - ::1
[2025-11-14T20:48:43.932Z] GET /usuarios/usuarios - ::1
[2025-11-14T20:48:49.352Z] GET /usuarios/usuarios/1 - ::1
[2025-11-14T20:49:27.984Z] GET /certificados/ - ::1
[2025-11-14T20:49:32.672Z] GET /certificados/certificados - ::1
[2025-11-14T20:49:45.967Z] POST /certificados/certificados - ::1
[2025-11-14T20:51:00.322Z] GET /eventos - ::1
[2025-11-14T20:51:03.148Z] GET /eventos/eventos - ::1
[2025-11-14T20:51:10.229Z] GET /eventos/eventos/1 - ::1
[2025-11-14T20:51:47.788Z] GET /inscricoes/inscricoes - ::1
[2025-11-14T20:52:29.759Z] GET /presencas/presencas - ::1
[2025-11-14T20:55:16.173Z] GET /logs/logs - ::1
[2025-11-14T20:58:41.650Z] GET /logs/logs - ::1
[2025-11-14T21:02:18.571Z] GET /logs/logs - ::1
[2025-11-14T21:02:26.853Z] GET /logs/logs - ::1
[2025-11-14T21:06:23.257Z] GET /logs/logs - ::1
[2025-11-14T21:06:54.674Z] GET /logs/logs/1 - ::1
[2025-11-14T21:07:29.691Z] POST /auth/auth/logout - ::1
[2025-11-14T21:07:38.255Z] POST /auth/auth/logout - ::1
[2025-11-14T21:07:47.931Z] POST /auth/auth/login - ::1
[2025-11-14T21:22:34.963Z] GET / - ::1
[2025-11-14T21:22:37.500Z] GET /docs - ::1
[2025-11-14T21:22:37.575Z] GET /favicon.ico - ::1
[2025-11-15T16:12:20.781Z] GET /usuarios/usuarios - ::1
[2025-11-15T17:09:54.646Z] POST /auth/auth/login - ::1
[2025-11-15T17:11:28.924Z] POST /auth/auth/login - ::1
[2025-11-15T17:12:10.981Z] POST /usuarios/usuarios - ::1
[2025-11-15T17:16:04.853Z] POST /usuarios/register - ::1
[2025-11-15T17:16:25.702Z] POST /auth/auth/login - ::1
[2025-11-15T17:16:44.882Z] POST /usuarios/register - ::1
[2025-11-15T17:19:31.561Z] POST /usuarios/register - ::1
[2025-11-15T17:20:44.227Z] POST /usuarios/register - ::1
[2025-11-15T17:21:06.218Z] POST /usuarios/register - ::1
[2025-11-15T17:23:22.750Z] POST /auth/auth/login - ::1
[2025-11-15T17:23:32.375Z] GET /usuarios/usuarios - ::1
[2025-11-15T17:24:31.111Z] POST /auth/auth/login - ::1
[2025-11-15T17:28:26.423Z] POST /usuarios/register - ::1
[2025-11-15T17:28:55.729Z] POST /usuarios/register - ::1
[2025-11-15T17:29:11.287Z] POST /auth/auth/login - ::1
[2025-11-15T17:29:43.481Z] POST /auth/auth/login - ::1
[2025-11-15T17:31:35.379Z] POST /auth/auth/login - ::1
[2025-11-15T17:32:48.494Z] POST /auth/auth/logout - ::1
[2025-11-15T17:33:29.380Z] GET /usuarios/usuarios - ::1
[2025-11-15T17:33:36.808Z] POST /auth/auth/login - ::1
[2025-11-15T17:33:44.563Z] GET /usuarios/usuarios - ::1
[2025-11-16T22:30:38.707Z] DELETE /usuarios/usuarios/8 - ::1
[2025-11-16T22:30:44.444Z] POST /auth/auth/login - ::1
[2025-11-16T22:31:01.597Z] DELETE /usuarios/usuarios/8 - ::1
[2025-11-16T22:31:09.166Z] DELETE /usuarios/usuarios/7 - ::1
[2025-11-16T22:31:15.237Z] DELETE /usuarios/usuarios/1 - ::1
[2025-11-16T22:31:30.028Z] DELETE /usuarios/usuarios/4 - ::1
[2025-11-16T22:31:32.199Z] DELETE /usuarios/usuarios/5 - ::1
[2025-11-16T22:31:41.282Z] DELETE /usuarios/usuarios/2 - ::1
[2025-11-16T22:31:42.944Z] DELETE /usuarios/usuarios/3 - ::1
[2025-11-16T22:32:06.363Z] POST /usuarios/register - ::1
[2025-11-16T22:33:01.035Z] POST /usuarios/register - ::1
[2025-11-16T22:33:16.282Z] POST /auth/auth/login - ::1
[2025-11-16T22:35:55.754Z] POST /eventos/eventos - ::1
[2025-11-16T22:36:24.924Z] POST /eventos/eventos - ::1
[2025-11-16T22:36:34.658Z] POST /eventos/eventos - ::1
[2025-11-16T22:37:00.921Z] GET /eventos/eventos - ::1
[2025-11-16T22:38:50.519Z] PUT /eventos/eventos/3 - ::1
[2025-11-16T22:38:56.460Z] GET /eventos/eventos - ::1
[2025-11-16T22:53:20.523Z] POST /eventos/eventos - ::1
[2025-11-16T22:53:30.545Z] GET /eventos/eventos - ::1
[2025-11-16T22:53:56.425Z] POST /eventos/eventos - ::1
[2025-11-16T22:53:59.244Z] GET /eventos/eventos - ::1
[2025-11-16T22:57:29.231Z] POST /eventos/eventos - ::1
[2025-11-16T22:57:32.849Z] GET /eventos/eventos - ::1
[2025-11-16T22:59:35.045Z] GET /eventos/eventos - ::1
[2025-11-17T00:08:07.415Z] GET /eventos/eventos - ::1
[2025-11-17T00:08:14.024Z] POST /auth/auth/login - ::1
[2025-11-17T00:08:24.551Z] GET /eventos/eventos - ::1
[2025-11-17T00:16:30.695Z] GET /usuarios/usuarios - ::1
[2025-11-17T00:16:36.511Z] POST /auth/auth/login - ::1
[2025-11-17T00:17:11.276Z] GET /usuarios/usuarios - ::1
[2025-11-17T00:18:31.842Z] GET /usuarios/usuarios?email=admin@gmail.com - ::1
[2025-11-17T00:18:57.809Z] GET /usuarios/usuarios?email=admin@gmail.com - ::1
[2025-11-17T00:23:52.742Z] GET /usuarios/usuarios?email=admin@gmail.com - ::1
[2025-11-17T00:36:39.676Z] GET /presencas/presencas/1 - ::1
[2025-11-17T00:41:47.291Z] POST /inscricoes/inscricoes - ::1
[2025-11-17T00:42:04.851Z] POST /inscricoes/inscricoes - ::1
[2025-11-17T00:42:11.289Z] POST /presencas/presencas - ::1
[2025-11-17T00:49:42.269Z] POST /certificados/certificados - ::1
[2025-11-17T00:50:07.563Z] POST /certificados/certificados - ::1
[2025-11-17T00:50:42.877Z] POST /certificados/certificados - ::1
[2025-11-17T00:51:38.522Z] POST /certificados/certificados - ::1
[2025-11-17T00:52:40.409Z] POST /certificados/certificados - ::1
[2025-11-17T00:53:29.564Z] GET /usuarios/usuarios?email=admin@gmail.com - ::1
[2025-11-17T00:54:12.495Z] GET /usuarios/usuarios?email=admin@gmail.com - ::1
[2025-11-17T00:54:17.912Z] POST /certificados/certificados - ::1
[2025-11-17T00:55:05.356Z] POST /certificados/certificados - ::1
[2025-11-17T00:55:32.538Z] POST /certificados/certificados - ::1
[2025-11-17T00:56:05.941Z] POST /certificados/certificados - ::1
[2025-11-17T00:57:13.938Z] POST /certificados/certificados - ::1
[2025-11-17T00:57:14.003Z] GET /usuarios/usuarios?email=admin@gmail.com - ::1
[2025-11-17T00:57:14.028Z] GET /usuarios/usuarios?email=admin@gmail.com - ::1
[2025-11-17T01:00:27.317Z] POST /certificados/certificados - ::1
[2025-11-17T01:00:27.393Z] GET /usuarios/usuarios?email=admin@gmail.com - ::1
[2025-11-17T01:00:27.416Z] GET /eventos/eventos/undefined - ::1
[2025-11-17T01:02:25.138Z] POST /certificados/certificados - ::1
[2025-11-17T01:02:25.208Z] GET /usuarios/usuarios?email=admin@gmail.com - ::1
[2025-11-17T01:02:25.232Z] GET /eventos/eventos/undefined - ::1
[2025-11-17T01:06:22.893Z] POST /certificados/certificados - ::1
[2025-11-17T01:08:02.750Z] POST /certificados/certificados - ::1
[2025-11-17T01:08:02.817Z] GET /usuarios/usuarios?email=admin@gmail.com - ::1
[2025-11-17T01:08:02.946Z] GET /eventos/eventos/undefined - ::1
[2025-11-17T01:08:03.025Z] GET /eventos/presencas/undefined - ::1
[2025-11-17T01:08:46.516Z] POST /certificados/certificados - ::1
[2025-11-17T01:08:46.585Z] GET /usuarios/usuarios?email=admin@gmail.com - ::1
[2025-11-17T01:08:46.643Z] GET /eventos/eventos/undefined - ::1
[2025-11-17T01:08:46.693Z] GET /eventos/presencas/undefined - ::1
[2025-11-17T01:09:47.182Z] POST /certificados/certificados - ::1
[2025-11-17T01:09:47.247Z] GET /usuarios/usuarios?email=admin@gmail.com - ::1
[2025-11-17T01:09:47.305Z] GET /eventos/eventos/1 - ::1
[2025-11-17T01:09:47.359Z] GET /eventos/presencas/undefined - ::1
[2025-11-17T01:10:15.429Z] GET /presencas/presencas/9 - ::1
[2025-11-17T01:11:38.917Z] GET /presencas/presencas/9 - ::1
[2025-11-17T01:11:43.558Z] POST /certificados/certificados - ::1
[2025-11-17T01:11:43.596Z] GET /usuarios/usuarios?email=admin@gmail.com - ::1
[2025-11-17T01:11:43.651Z] GET /eventos/eventos/1 - ::1
[2025-11-17T01:11:43.667Z] GET /eventos/presencas/undefined - ::1
[2025-11-17T01:12:26.694Z] POST /certificados/certificados - ::1
[2025-11-17T01:12:26.761Z] GET /usuarios/usuarios?email=admin@gmail.com - ::1
[2025-11-17T01:12:26.821Z] GET /eventos/eventos/1 - ::1
[2025-11-17T01:12:26.874Z] GET /eventos/presencas/9 - ::1
[2025-11-17T01:13:24.200Z] POST /certificados/certificados - ::1
[2025-11-17T01:13:24.263Z] GET /usuarios/usuarios?email=admin@gmail.com - ::1
[2025-11-17T01:13:24.320Z] GET /eventos/eventos/1 - ::1
[2025-11-17T01:13:24.372Z] GET /eventos/presencas/9 - ::1
[2025-11-17T01:13:32.441Z] GET /presencas/presencas/9 - ::1
[2025-11-17T01:14:35.363Z] GET /presencas/presencas - ::1
[2025-11-17T01:15:59.395Z] GET /presencas/presencas/9 - ::1
[2025-11-17T01:16:14.370Z] POST /certificados/certificados - ::1
[2025-11-17T01:16:14.408Z] GET /usuarios/usuarios?email=admin@gmail.com - ::1
[2025-11-17T01:16:14.460Z] GET /eventos/eventos/1 - ::1
[2025-11-17T01:16:14.474Z] GET /presencas/presencas/9 - ::1
[2025-11-17T01:17:10.458Z] POST /certificados/certificados - ::1
[2025-11-17T01:17:17.242Z] POST /auth/auth/login - ::1
[2025-11-17T01:17:27.116Z] POST /certificados/certificados - ::1
[2025-11-17T01:17:27.139Z] GET /usuarios/usuarios?email=admin@gmail.com - ::1
[2025-11-17T01:17:27.157Z] GET /eventos/eventos/1 - ::1
[2025-11-17T01:17:27.224Z] GET /presencas/presencas/presencaUsuario/9 - ::1
[2025-11-17T01:21:03.878Z] POST /certificados/certificados - ::1
[2025-11-17T01:21:03.957Z] GET /usuarios/usuarios?email=admin@gmail.com - ::1
[2025-11-17T01:21:04.179Z] GET /eventos/eventos/1 - ::1
[2025-11-17T01:21:04.280Z] GET /presencas/presencas/presencaUsuario/9 - ::1
[2025-11-17T01:21:50.722Z] POST /certificados/certificados - ::1
[2025-11-17T01:21:50.790Z] GET /usuarios/usuarios?email=admin@gmail.com - ::1
[2025-11-17T01:21:50.846Z] GET /eventos/eventos/1 - ::1
[2025-11-17T01:21:50.895Z] GET /presencas/presencas/presencaUsuario/9 - ::1
[2025-11-17T01:22:31.423Z] GET /presencas/presencas/9 - ::1
[2025-11-17T01:22:41.385Z] GET /presencas/presencas/usuarioPresenca/9 - ::1
[2025-11-17T01:22:54.898Z] GET /presencas/presencas/presencaUsuario/9 - ::1
[2025-11-17T01:23:44.662Z] GET /presencas/presencas/presencaUsuario/9 - ::1
[2025-11-17T01:23:53.228Z] POST /certificados/certificados - ::1
[2025-11-17T01:23:53.271Z] GET /usuarios/usuarios?email=admin@gmail.com - ::1
[2025-11-17T01:23:53.325Z] GET /eventos/eventos/1 - ::1
[2025-11-17T01:23:53.337Z] GET /presencas/presencas/presencaUsuario/9 - ::1
[2025-11-17T01:25:44.752Z] GET /presencas/presencas/presencaUsuario/9 - ::1
[2025-11-17T01:25:48.292Z] POST /certificados/certificados - ::1
[2025-11-17T01:25:48.332Z] GET /usuarios/usuarios?email=admin@gmail.com - ::1
[2025-11-17T01:25:48.385Z] GET /eventos/eventos/1 - ::1
[2025-11-17T01:25:48.396Z] GET /presencas/presencas/presencaUsuario/9 - ::1
[2025-11-17T01:26:38.723Z] POST /certificados/certificados - ::1
[2025-11-17T01:26:38.791Z] GET /usuarios/usuarios?email=admin@gmail.com - ::1
[2025-11-17T01:26:38.858Z] GET /eventos/eventos/1 - ::1
[2025-11-17T01:26:38.913Z] GET /presencas/presencas/presencaUsuario/9 - ::1
[2025-11-17T01:27:27.942Z] DELETE /inscricoes/inscricoes/1 - ::1
[2025-11-17T01:28:09.343Z] DELETE /certificados/certificados/1 - ::1
[2025-11-17T01:28:24.030Z] GET /certificados/certificados - ::1
[2025-11-17T01:28:38.273Z] GET /certificados/certificados - ::1
[2025-11-17T01:28:45.057Z] DELETE /certificados/certificados/1 - ::1
[2025-11-17T01:29:21.850Z] POST /certificados/certificados - ::1
[2025-11-17T01:29:21.915Z] GET /usuarios/usuarios?email=admin@gmail.com - ::1
[2025-11-17T01:29:21.970Z] GET /eventos/eventos/1 - ::1
[2025-11-17T01:29:22.019Z] GET /presencas/presencas/presencaUsuario/9 - ::1
[2025-11-17T01:31:36.074Z] GET /certificados/certificados - ::1
[2025-11-17T01:31:41.484Z] DELETE /certificados/certificados/2 - ::1
[2025-11-17T01:31:46.142Z] POST /certificados/certificados - ::1
[2025-11-17T01:31:46.168Z] GET /usuarios/usuarios?email=admin@gmail.com - ::1
[2025-11-17T01:31:46.221Z] GET /eventos/eventos/1 - ::1
[2025-11-17T01:31:46.277Z] GET /presencas/presencas/presencaUsuario/9 - ::1
[2025-11-17T01:46:38.201Z] GET /certificados/certificados - ::1
[2025-11-17T01:46:58.407Z] GET /certificados/certificados/3 - ::1
[2025-11-17T01:47:11.650Z] GET /certificados/certificados/3 - ::1
[2025-11-17T01:47:36.787Z] GET /certificados/certificados/3 - ::1
[2025-11-17T01:58:31.564Z] GET /certificados/certificados/3 - ::1
[2025-11-17T01:59:42.548Z] GET /certificados/certificados/verCertificado/$2b$10$QlVaFZkWIG.rHFou7VZmm.uGNGticaiPl/kjvBSJZiNZ7HsAzxPM6 - ::1
[2025-11-17T02:00:05.209Z] GET /certificados/certificados/verCertificado/$2b$10$QlVaFZkWIG.rHFou7VZmm.uGNGticaiPl/kjvBSJZiNZ7HsAzxPM6 - ::1
[2025-11-17T02:01:11.739Z] GET /certificados/certificados/verCertificado?codigo_autenticacao=$2b$10$QlVaFZkWIG.rHFou7VZmm.uGNGticaiPl/kjvBSJZiNZ7HsAzxPM6 - ::1
[2025-11-17T02:01:58.730Z] GET /certificados/certificados/verCertificado$2b$10$QlVaFZkWIG.rHFou7VZmm.uGNGticaiPl/kjvBSJZiNZ7HsAzxPM6 - ::1
[2025-11-17T02:02:13.456Z] GET /certificados/certificados/verCertificado/$2b$10$QlVaFZkWIG.rHFou7VZmm.uGNGticaiPl/kjvBSJZiNZ7HsAzxPM6 - ::1
[2025-11-17T02:03:48.905Z] GET /certificados/certificados/verCertificado/ - ::1
[2025-11-17T02:04:28.878Z] GET /certificados/certificados/verCertificado/ - ::1
[2025-11-17T02:04:30.949Z] GET /certificados/certificados/verCertificado/ - ::1
[2025-11-17T02:05:14.102Z] GET /certificados/certificados/verCertificado/ - ::1
[2025-11-17T02:05:50.032Z] GET /certificados/certificados/verCertificado - ::1
[2025-11-17T02:05:51.704Z] GET /certificados/certificados/verCertificado - ::1
[2025-11-17T02:06:42.633Z] GET /certificados/verCertificado - ::1
[2025-11-17T02:06:49.795Z] GET /certificados/certificados/verCertificado - ::1
[2025-11-17T02:19:04.880Z] POST /certificados/certificados/verCertificado - ::1
[2025-11-17T02:19:13.917Z] POST /auth/auth/login - ::1
[2025-11-17T02:19:24.532Z] POST /certificados/certificados/verCertificado - ::1
[2025-11-17T02:19:24.558Z] GET /usuarios/usuarios/undefined - ::1
[2025-11-17T02:19:24.581Z] GET /eventos/eventos/undefined - ::1
[2025-11-17T02:20:03.516Z] POST /certificados/certificados/verCertificado - ::1
[2025-11-17T02:20:03.650Z] GET /usuarios/usuarios/undefined - ::1
[2025-11-17T02:20:03.734Z] GET /eventos/eventos/undefined - ::1
[2025-11-17T02:21:00.217Z] POST /certificados/certificados/verCertificado - ::1
[2025-11-17T02:21:00.718Z] GET /usuarios/usuarios/undefined - ::1
[2025-11-17T02:21:00.816Z] GET /eventos/eventos/undefined - ::1
[2025-11-17T02:21:38.129Z] POST /certificados/certificados/verCertificado - ::1
[2025-11-17T02:21:38.229Z] GET /usuarios/usuarios/9 - ::1
[2025-11-17T02:21:38.292Z] GET /eventos/eventos/1 - ::1
[2025-11-17T02:22:27.529Z] POST /certificados/certificados/verCertificado - ::1
[2025-11-17T02:22:27.624Z] GET /usuarios/usuarios/9 - ::1
[2025-11-17T02:22:27.679Z] GET /eventos/eventos/1 - ::1
[2025-11-17T02:23:17.718Z] POST /certificados/certificados/verCertificado - ::1
[2025-11-17T02:23:17.811Z] GET /usuarios/usuarios/9 - ::1
[2025-11-17T02:23:17.869Z] GET /eventos/eventos/1 - ::1
[2025-11-17T02:23:47.212Z] POST /certificados/certificados/verCertificado - ::1
[2025-11-17T02:23:47.308Z] GET /usuarios/usuarios/9 - ::1
[2025-11-17T02:23:47.361Z] GET /eventos/eventos/1 - ::1
[2025-11-17T02:25:11.012Z] POST /certificados/certificados/verCertificado - ::1
[2025-11-17T02:25:11.132Z] GET /usuarios/usuarios/9 - ::1
[2025-11-17T02:25:11.184Z] GET /eventos/eventos/1 - ::1
[2025-11-17T02:25:44.144Z] POST /certificados/certificados/verCertificado - ::1
[2025-11-17T02:25:44.260Z] GET /usuarios/usuarios/9 - ::1
[2025-11-17T02:25:44.327Z] GET /eventos/eventos/1 - ::1
[2025-11-22T18:01:17.851Z] POST /auth/auth/login - ::1
[2025-11-22T18:02:40.319Z] POST /auth/auth/login - ::1
[2025-11-22T18:03:28.718Z] POST /auth/auth/login - ::1
[2025-11-22T18:05:04.213Z] POST /auth/auth/login - ::1
[2025-11-22T18:06:44.115Z] POST /auth/auth/login - ::1
[2025-11-22T18:07:47.228Z] POST /auth/auth/login - ::1
[2025-11-22T18:10:31.986Z] GET /auth/login - ::1
[2025-11-22T18:10:42.337Z] GET /auth/login - ::1
[2025-11-22T18:12:22.345Z] POST /auth/auth/login - ::1
[2025-11-22T18:13:44.692Z] POST /auth/auth/login - ::1
[2025-11-22T18:14:34.749Z] POST /auth/auth/login - ::1
[2025-11-22T18:14:42.042Z] POST /auth/auth/login - ::1
[2025-11-22T18:14:44.671Z] POST /auth/auth/login - ::1
[2025-11-22T18:14:45.620Z] POST /auth/auth/login - ::1
[2025-11-22T18:14:46.255Z] POST /auth/auth/login - ::1
[2025-11-22T18:14:46.770Z] POST /auth/auth/login - ::1
[2025-11-22T18:15:04.772Z] POST /auth/auth/login - ::1
[2025-11-22T18:15:06.310Z] POST /auth/auth/login - ::1
[2025-11-22T18:15:28.033Z] POST /auth/auth/login - ::1
[2025-11-22T18:16:29.424Z] GET /auth-test/login - ::1
[2025-11-22T18:16:45.018Z] GET /.well-known/appspecific/com.chrome.devtools.json - ::1
[2025-11-22T18:16:49.903Z] GET /.well-known/appspecific/com.chrome.devtools.json - ::1
[2025-11-22T18:21:10.962Z] POST /auth/auth/login - ::1
[2025-11-22T18:21:12.380Z] POST /auth/auth/login - ::1
[2025-11-22T18:21:13.288Z] POST /auth/auth/login - ::1
[2025-11-22T18:24:22.961Z] POST /auth/auth/login - ::1
[2025-11-22T18:25:43.750Z] POST /auth/auth/login - ::1
[2025-11-22T18:26:42.949Z] POST /auth/auth/login - ::1
[2025-11-22T18:27:14.275Z] POST /auth/auth/login - ::1
[2025-11-22T18:29:12.588Z] POST /auth/auth/login - ::1
[2025-11-22T18:29:42.683Z] POST /auth/auth/login - ::1
[2025-11-22T18:30:12.062Z] POST /auth/auth/login - ::1
[2025-11-22T18:33:16.293Z] POST /inscricoes/inscricoes - ::1
[2025-11-22T18:34:15.476Z] POST /inscricoes/inscricoes - ::1
[2025-11-22T18:35:23.815Z] POST /inscricoes/inscricoes - ::1
[2025-11-22T18:37:32.715Z] POST /usuarios/register - ::1
[2025-11-22T18:38:06.922Z] POST /usuarios/register - ::1
[2025-11-22T18:39:14.987Z] POST /usuarios/register - ::1
[2025-11-22T18:39:33.190Z] POST /inscricoes/inscricoes - ::1
[2025-11-22T18:40:12.551Z] POST /inscricoes/inscricoes - ::1
[2025-11-22T18:41:55.405Z] POST /inscricoes/inscricoes - ::1
[2025-11-22T18:43:56.595Z] POST /presencas/presencas - ::1
[2025-11-22T18:44:11.126Z] POST /presencas/presencas - ::1
[2025-11-22T18:44:51.149Z] POST /presencas/presencas - ::1
[2025-11-22T23:25:15.426Z] POST /auth/auth/login - ::1
[2025-11-22T23:25:33.785Z] POST /auth/auth/login - ::1
[2025-11-22T23:26:38.909Z] POST /auth/auth/login - ::1
[2025-11-22T23:27:09.195Z] POST /auth/auth/login - ::1
[2025-11-22T23:27:40.508Z] POST /auth/auth/login - ::1
[2025-11-22T23:29:13.021Z] POST /sincronizar/sincronizar/ - ::1
[2025-11-22T23:29:53.490Z] POST /sincronizar/sincronizar/ - ::1
[2025-11-22T23:29:58.604Z] POST /sincronizar/sincronizar/ - ::1
[2025-11-22T23:39:36.716Z] POST /sincronizar/sincronizar/ - ::1
[2025-11-22T23:40:28.679Z] POST /sincronizar/sincronizar/ - ::1
[2025-11-22T23:41:11.567Z] POST /auth/auth/login - ::1
[2025-11-22T23:41:33.867Z] POST /sincronizar/sincronizar/ - ::1
[2025-11-22T23:43:30.191Z] POST /sincronizar/sincronizar/ - ::1
[2025-11-22T23:45:40.524Z] POST /sincronizar/sincronizar/ - ::1
[2025-11-22T23:46:11.943Z] POST /sincronizar/sincronizar/ - ::1
[2025-11-23T00:38:26.851Z] POST /auth/auth/login - ::1
[2025-11-23T00:38:38.610Z] POST /sincronizar/sincronizar/ - ::1
[2025-11-23T00:38:46.488Z] POST /sincronizar/sincronizar/ - ::1
[2025-11-23T00:39:08.016Z] POST /sincronizar/sincronizar/ - ::1
[2025-11-23T00:40:23.357Z] GET /usuarios/usuarios?email=admin@gmail.com - ::1
[2025-11-23T00:57:56.695Z] POST /sincronizar/sincronizar/ - ::1
[2025-11-23T00:58:53.329Z] POST /sincronizar/sincronizar/ - ::1
[2025-11-23T00:58:53.383Z] GET /usuarios/usuarios?email=admin@gmail.com - ::1
[2025-11-23T00:58:53.551Z] GET /usuarios/usuarios?email=admin2@gmail.com - ::1
[2025-11-23T01:00:04.605Z] POST /sincronizar/sincronizar/ - ::1
[2025-11-23T01:00:04.658Z] GET /usuarios/usuarios?email=admin@gmail.com - ::1
[2025-11-23T01:00:04.726Z] GET /usuarios/usuarios?email=admin2@gmail.com - ::1
[2025-11-23T01:01:16.474Z] POST /sincronizar/sincronizar/ - ::1
[2025-11-23T01:01:16.531Z] GET /usuarios/usuarios?email=admin@gmail.com - ::1
[2025-11-23T01:01:16.603Z] GET /usuarios/usuarios?email=admin2@gmail.com - ::1
[2025-11-23T01:01:50.892Z] POST /sincronizar/sincronizar/ - ::1
[2025-11-23T01:01:50.946Z] GET /usuarios/usuarios?email=admin@gmail.com - ::1
[2025-11-23T01:01:51.011Z] GET /usuarios/usuarios?email=admin2@gmail.com - ::1
[2025-11-23T01:03:05.577Z] POST /sincronizar/sincronizar/ - ::1
[2025-11-23T01:03:05.634Z] GET /usuarios/usuarios?email=admin@gmail.com - ::1
[2025-11-23T01:03:05.706Z] GET /usuarios/usuarios?email=admin2@gmail.com - ::1
[2025-11-23T01:04:19.938Z] POST /sincronizar/sincronizar/ - ::1
[2025-11-23T01:04:19.992Z] GET /usuarios/usuarios?email=admin@gmail.com - ::1
[2025-11-23T01:04:20.058Z] GET /usuarios/usuarios?email=admin2@gmail.com - ::1
[2025-11-23T01:06:28.556Z] POST /sincronizar/sincronizar/ - ::1
[2025-11-23T01:06:28.611Z] GET /usuarios/usuarios?email=admin@gmail.com - ::1
[2025-11-23T01:06:28.697Z] GET /usuarios/usuarios?email=admin2@gmail.com - ::1
[2025-11-23T01:07:30.866Z] POST /sincronizar/sincronizar/ - ::1
[2025-11-23T01:07:30.919Z] GET /usuarios/usuarios?email=admin@gmail.com - ::1
[2025-11-23T01:07:30.982Z] GET /usuarios/usuarios?email=admin2@gmail.com - ::1
[2025-11-23T01:07:56.137Z] POST /sincronizar/sincronizar/ - ::1
[2025-11-23T01:07:56.198Z] GET /usuarios/usuarios?email=admin@gmail.com - ::1
[2025-11-23T01:07:56.270Z] GET /usuarios/usuarios?email=admin2@gmail.com - ::1
[2025-11-23T01:09:45.755Z] POST /sincronizar/sincronizar/ - ::1
[2025-11-23T01:09:45.807Z] GET /usuarios/usuarios?email=admin@gmail.com - ::1
[2025-11-23T01:09:45.872Z] GET /usuarios/usuarios?email=admin2@gmail.com - ::1
[2025-11-23T01:10:26.362Z] POST /sincronizar/sincronizar/ - ::1
[2025-11-23T01:10:26.419Z] GET /usuarios/usuarios?email=admin@gmail.com - ::1
[2025-11-23T01:10:26.489Z] GET /usuarios/usuarios?email=admin2@gmail.com - ::1
[2025-11-23T01:11:11.988Z] POST /sincronizar/sincronizar/ - ::1
[2025-11-23T01:11:12.040Z] GET /usuarios/usuarios?email=admin@gmail.com - ::1
[2025-11-23T01:11:12.107Z] GET /usuarios/usuarios?email=admin2@gmail.com - ::1
[2025-11-23T01:15:50.341Z] POST /sincronizar/sincronizar/ - ::1
[2025-11-23T01:15:50.394Z] GET /usuarios/usuarios/admin@gmail.com - ::1
[2025-11-23T01:19:46.536Z] POST /certificados/certificados - ::1
[2025-11-23T01:19:52.630Z] POST /auth/auth/login - ::1
[2025-11-23T01:20:00.917Z] POST /sincronizar/sincronizar/ - ::1
[2025-11-23T01:20:00.945Z] GET /usuarios/usuarios?email=admin@gmail.com - ::1
[2025-11-23T01:20:00.973Z] GET /usuarios/usuarios?email=admin2@gmail.com - ::1
[2025-11-23T01:20:38.499Z] POST /sincronizar/sincronizar/ - ::1
[2025-11-23T01:20:38.507Z] GET /usuarios/usuarios?email=admin@gmail.com - ::1
[2025-11-23T01:20:38.520Z] GET /usuarios/usuarios?email=TESTE@gmail.com - ::1
[2025-11-23T01:20:48.072Z] POST /sincronizar/sincronizar/ - ::1
[2025-11-23T01:20:48.132Z] GET /usuarios/usuarios?email=admin@gmail.com - ::1
[2025-11-23T01:20:48.342Z] GET /usuarios/usuarios?email=TESTE@gmail.com - ::1
[2025-11-23T01:22:13.506Z] POST /sincronizar/sincronizar/ - ::1
[2025-11-23T01:22:13.561Z] GET /usuarios/usuarios?email=admin@gmail.com - ::1
[2025-11-23T01:22:13.641Z] GET /usuarios/usuarios?email=TESTE@gmail.com - ::1
[2025-11-23T01:23:39.369Z] POST /sincronizar/sincronizar/ - ::1
[2025-11-23T01:23:39.423Z] GET /usuarios/usuarios?email=admin@gmail.com - ::1
[2025-11-23T01:23:39.532Z] GET /usuarios/usuarios?email=TESTE@gmail.com - ::1
[2025-11-23T01:26:09.114Z] POST /certificados/certificados - ::1
[2025-11-23T01:26:09.162Z] GET /usuarios/usuarios?email=admin@gmail.com - ::1
[2025-11-23T01:26:09.176Z] GET /eventos/eventos/1 - ::1
[2025-11-23T01:26:09.254Z] GET /presencas/presencas/presencaUsuario/9 - ::1
[2025-11-23T01:27:42.009Z] POST /certificados/certificados - ::1
[2025-11-23T01:27:42.084Z] GET /usuarios/usuarios?email=admin@gmail.com - ::1
[2025-11-23T01:27:42.159Z] GET /eventos/eventos/1 - ::1
[2025-11-23T01:27:42.211Z] GET /presencas/presencas/presencaUsuario/9 - ::1
[2025-11-23T01:28:27.976Z] POST /sincronizar/sincronizar/ - ::1
[2025-11-23T01:28:28.029Z] GET /usuarios/usuarios/porEmail?email=admin@gmail.com - ::1
[2025-11-23T01:28:28.100Z] GET /usuarios/usuarios/porEmail?email=TESTE@gmail.com - ::1
[2025-11-23T01:30:57.108Z] POST /sincronizar/sincronizar/porEmail - ::1
[2025-11-23T01:33:49.326Z] POST /sincronizar/sincronizar/ - ::1
[2025-11-23T01:33:49.398Z] GET /usuarios/usuarios/porEmail/admin@gmail.com - ::1
[2025-11-23T01:33:49.620Z] GET /usuarios/usuarios/porEmail/TESTE@gmail.com - ::1
[2025-11-23T01:35:01.705Z] POST /sincronizar/sincronizar/ - ::1
[2025-11-23T01:35:01.759Z] GET /usuarios/usuarios/porEmail?email=admin@gmail.com - ::1
[2025-11-23T01:35:01.841Z] GET /usuarios/usuarios/porEmail?email=TESTE@gmail.com - ::1
[2025-11-23T01:35:43.580Z] GET /usuarios/usuarios?email=TESTE@gmail.com - ::1
[2025-11-23T01:35:59.443Z] GET /usuarios/usuarios?email=TESTE@gmail.com - ::1
[2025-11-23T01:36:37.863Z] GET /usuarios/usuarios?email=TESTE@gmail.com - ::1
[2025-11-23T01:37:11.197Z] GET /usuarios/usuarios?email=TESTE@gmail.com - ::1
[2025-11-23T01:37:48.278Z] GET /usuarios/usuarios/porEmail?email=TESTE@gmail.com - ::1
[2025-11-23T01:38:19.541Z] GET /usuarios/usuarios?email=admin@gmail.com - ::1
[2025-11-23T01:38:40.717Z] GET /usuarios/usuarios/porEmail?email=admin@gmail.com - ::1
[2025-11-23T01:38:59.165Z] GET /usuarios/usuarios/porEmail?email=admin@gmail.com - ::1
[2025-11-23T01:39:02.364Z] POST /auth/auth/login - ::1
[2025-11-23T01:39:16.309Z] GET /usuarios/usuarios/porEmail?email=admin@gmail.com - ::1
[2025-11-23T01:39:31.740Z] GET /usuarios/usuarios/porEmail?email=admin@gmail.com - ::1
[2025-11-23T01:39:33.691Z] GET /usuarios/usuarios/porEmail?email=admin@gmail.com - ::1
[2025-11-23T01:40:36.872Z] GET /usuarios/usuarios?email=TESTE@gmail.com - ::1
[2025-11-23T01:40:45.944Z] POST /sincronizar/sincronizar/ - ::1
[2025-11-23T01:40:57.003Z] GET /usuarios/usuarios?email=TESTE@gmail.com - ::1
[2025-11-23T01:41:14.770Z] GET /usuarios/usuarios - ::1
[2025-11-23T01:43:23.563Z] GET /usuarios/usuarios/porEmail/admin@gmail.com - ::1
[2025-11-23T01:43:26.852Z] GET /usuarios/usuarios/porEmail/TESTE@gmail.com - ::1
[2025-11-23T01:43:31.553Z] GET /usuarios/usuarios/porEmail/admin@gmail.com - ::1
[2025-11-23T01:43:54.038Z] GET /usuarios/usuarios/porEmail/admin@gmail.com - ::1
[2025-11-23T01:44:06.267Z] POST /sincronizar/sincronizar/ - ::1
[2025-11-23T01:44:06.292Z] GET //usuarios/usuarios/porEmail/admin@gmail.com - ::1
[2025-11-23T01:44:06.306Z] GET //usuarios/usuarios/porEmail/TESTE@gmail.com - ::1
[2025-11-23T01:44:34.988Z] POST /sincronizar/sincronizar/ - ::1
[2025-11-23T01:44:35.039Z] GET /usuarios/usuarios/porEmail/admin@gmail.com - ::1
[2025-11-23T01:44:35.107Z] GET /usuarios/usuarios/porEmail/TESTE@gmail.com - ::1
[2025-11-23T01:45:12.322Z] POST /sincronizar/sincronizar/ - ::1
[2025-11-23T01:45:12.375Z] GET /usuarios/usuarios/porEmail/admin@gmail.com - ::1
[2025-11-23T01:45:12.442Z] GET /usuarios/usuarios/porEmail/TESTE@gmail.com - ::1
[2025-11-23T01:45:55.176Z] POST /sincronizar/sincronizar/ - ::1
[2025-11-23T01:45:55.231Z] GET /usuarios/usuarios/porEmail/admin@gmail.com - ::1
[2025-11-23T01:47:20.501Z] POST /sincronizar/sincronizar/ - ::1
[2025-11-23T01:47:20.561Z] GET /usuarios/usuarios/porEmail/admin@gmail.com - ::1
[2025-11-23T01:47:39.278Z] POST /sincronizar/sincronizar/ - ::1
[2025-11-23T01:47:39.332Z] GET /usuarios/usuarios/porEmail/admin@gmail.com - ::1
[2025-11-23T01:47:39.396Z] GET /usuarios/usuarios/porEmail/TESTE@gmail.com - ::1
[2025-11-23T01:48:07.757Z] POST /sincronizar/sincronizar/ - ::1
[2025-11-23T01:48:07.809Z] GET /usuarios/usuarios/porEmail/admin@gmail.com - ::1
[2025-11-23T01:48:35.569Z] POST /sincronizar/sincronizar/ - ::1
[2025-11-23T01:48:35.619Z] GET /usuarios/usuarios/porEmail/admin@gmail.com - ::1
[2025-11-23T01:49:17.815Z] POST /sincronizar/sincronizar/ - ::1
[2025-11-23T01:49:17.867Z] GET /usuarios/usuarios/porEmail/admin@gmail.com - ::1
[2025-11-23T01:49:52.877Z] POST /sincronizar/sincronizar/ - ::1
[2025-11-23T01:49:52.934Z] GET /usuarios/usuarios/porEmail/admin@gmail.com - ::1
[2025-11-23T01:50:59.815Z] POST /sincronizar/sincronizar/ - ::1
[2025-11-23T01:50:59.869Z] GET /usuarios/usuarios/porEmail/admin@gmail.com - ::1
[2025-11-23T01:51:57.749Z] POST /usuarios/register - ::1
[2025-11-23T01:52:59.395Z] POST /sincronizar/sincronizar/ - ::1
[2025-11-23T01:52:59.447Z] GET /usuarios/usuarios/porEmail/admin@gmail.com - ::1
[2025-11-23T01:53:41.926Z] POST /sincronizar/sincronizar/ - ::1
[2025-11-23T01:53:41.977Z] GET /usuarios/usuarios/porEmail/admin@gmail.com - ::1
[2025-11-23T01:54:47.018Z] POST /sincronizar/sincronizar/ - ::1
[2025-11-23T01:54:47.073Z] GET /usuarios/usuarios/porEmail/admin@gmail.com - ::1
[2025-11-23T01:54:47.131Z] POST /usuarios/register - ::1
[2025-11-23T01:55:26.100Z] POST /sincronizar/sincronizar/ - ::1
[2025-11-23T01:55:26.151Z] GET /usuarios/usuarios/porEmail/admin@gmail.com - ::1
[2025-11-23T01:55:26.214Z] GET /usuarios/usuarios/porEmail/TESTE@gmail.com - ::1
[2025-11-23T01:55:26.229Z] POST /usuarios/register - ::1
[2025-11-23T01:55:56.675Z] POST /sincronizar/sincronizar/ - ::1
[2025-11-23T01:55:56.734Z] GET /usuarios/usuarios/porEmail/admin@gmail.com - ::1
[2025-11-23T01:55:56.799Z] GET /usuarios/usuarios/porEmail/TESTE2@gmail.com - ::1
[2025-11-23T01:55:56.810Z] POST /usuarios/register - ::1
[2025-11-23T01:57:36.211Z] POST /sincronizar/sincronizar/ - ::1
[2025-11-23T01:57:36.266Z] GET /usuarios/usuarios/porEmail/admin@gmail.com - ::1
[2025-11-23T01:57:36.344Z] GET /usuarios/usuarios/porEmail/TESTE3@gmail.com - ::1
[2025-11-23T01:57:36.358Z] POST /usuarios/register - ::1
[2025-11-23T01:58:08.763Z] POST /sincronizar/sincronizar/ - ::1
[2025-11-23T01:58:08.814Z] GET /usuarios/usuarios/porEmail/admin@gmail.com - ::1
[2025-11-23T01:58:08.881Z] GET /usuarios/usuarios/porEmail/TESTE3@gmail.com - ::1
[2025-11-23T01:59:22.619Z] POST /sincronizar/sincronizar/ - ::1
[2025-11-23T01:59:22.673Z] GET /usuarios/usuarios/porEmail/admin@gmail.com - ::1
[2025-11-23T01:59:22.738Z] GET /inscricoes/inscricoes/9 - ::1
[2025-11-23T02:00:10.463Z] POST /sincronizar/sincronizar/ - ::1
[2025-11-23T02:00:10.517Z] GET /usuarios/usuarios/porEmail/admin@gmail.com - ::1
[2025-11-23T02:00:10.584Z] GET /inscricoes/inscricoes/9 - ::1
[2025-11-23T02:00:10.641Z] POST /inscricoes/inscricoes/ - ::1
[2025-11-23T02:00:10.643Z] GET /usuarios/usuarios/porEmail/TESTE3@gmail.com - ::1
[2025-11-23T02:00:10.657Z] GET /inscricoes/inscricoes/14 - ::1
[2025-11-23T02:00:10.685Z] POST /inscricoes/inscricoes/ - ::1
[2025-11-23T02:00:38.667Z] GET /inscricoes/inscricoes/1 - ::1
[2025-11-23T02:00:45.794Z] GET /inscricoes/inscricoes/1 - ::1
[2025-11-23T02:00:59.996Z] GET /inscricoes/inscricoes/9 - ::1
[2025-11-23T02:02:06.328Z] POST /sincronizar/sincronizar/ - ::1
[2025-11-23T02:02:06.403Z] GET /usuarios/usuarios/porEmail/admin@gmail.com - ::1
[2025-11-23T02:02:06.495Z] GET /inscricoes/inscricoes/9 - ::1
[2025-11-23T02:02:06.553Z] POST /inscricoes/inscricoes/ - ::1
[2025-11-23T02:02:06.556Z] GET /usuarios/usuarios/porEmail/TESTE3@gmail.com - ::1
[2025-11-23T02:02:06.570Z] GET /inscricoes/inscricoes/14 - ::1
[2025-11-23T02:02:06.612Z] POST /inscricoes/inscricoes/ - ::1
[2025-11-23T02:03:50.995Z] GET /inscricoes/inscricoes/1 - ::1
[2025-11-23T02:04:02.028Z] GET /inscricoes/inscricoes/9 - ::1
[2025-11-23T02:05:39.427Z] GET /inscricoes/inscricoes/1 - ::1
[2025-11-23T02:06:13.833Z] GET /inscricoes/inscricoes/porUserID/1 - ::1
[2025-11-23T02:06:16.210Z] GET /inscricoes/inscricoes/porUserID/1 - ::1
[2025-11-23T02:06:21.257Z] GET /inscricoes/inscricoes/porUserID/9 - ::1
[2025-11-23T02:06:23.414Z] GET /inscricoes/inscricoes/porUserID/9 - ::1
[2025-11-23T02:06:29.209Z] GET /inscricoes/inscricoes/1 - ::1
[2025-11-23T02:06:33.261Z] GET /inscricoes/inscricoes/9 - ::1
[2025-11-23T02:07:33.185Z] POST /sincronizar/sincronizar/ - ::1
[2025-11-23T02:07:33.244Z] GET /usuarios/usuarios/porEmail/admin@gmail.com - ::1
[2025-11-23T02:07:33.332Z] GET /inscricoes/inscricoes/porUserID/9 - ::1
[2025-11-23T02:07:33.389Z] GET /usuarios/usuarios/porEmail/TESTE3@gmail.com - ::1
[2025-11-23T02:07:33.402Z] GET /inscricoes/inscricoes/porUserID/14 - ::1
[2025-11-23T02:07:55.361Z] POST /sincronizar/sincronizar/ - ::1
[2025-11-23T02:07:55.373Z] GET /usuarios/usuarios/porEmail/admin@gmail.com - ::1
[2025-11-23T02:07:55.387Z] GET /inscricoes/inscricoes/porUserID/9 - ::1
[2025-11-23T02:07:55.401Z] GET /usuarios/usuarios/porEmail/TESTE4@gmail.com - ::1
[2025-11-23T02:07:55.412Z] POST /usuarios/register - ::1
[2025-11-23T02:07:55.549Z] GET /inscricoes/inscricoes/porUserID/undefined - ::1
[2025-11-23T02:07:55.562Z] POST /inscricoes/inscricoes/ - ::1
[2025-11-23T02:09:30.243Z] POST /sincronizar/sincronizar/ - ::1
[2025-11-23T02:09:30.297Z] GET /usuarios/usuarios/porEmail/admin@gmail.com - ::1
[2025-11-23T02:09:30.372Z] GET /inscricoes/inscricoes/porUserID/9 - ::1
[2025-11-23T02:09:30.426Z] GET /usuarios/usuarios/porEmail/TESTE4@gmail.com - ::1
[2025-11-23T02:09:30.437Z] GET /inscricoes/inscricoes/porUserID/15 - ::1
[2025-11-23T02:09:30.453Z] POST /inscricoes/inscricoes/ - ::1
[2025-11-23T02:14:15.867Z] GET /presencas/presencas/presencaUsuario/9 - ::1
[2025-11-23T02:14:19.873Z] GET /presencas/presencas/presencaUsuario/1 - ::1
[2025-11-23T02:14:23.637Z] GET /presencas/presencas/presencaUsuario/9 - ::1
[2025-11-23T02:14:50.305Z] GET /presencas/presencas/presencaUsuario/1111 - ::1
[2025-11-23T02:17:47.907Z] POST /presencas/presencas - ::1
[2025-11-23T02:18:01.948Z] POST /presencas/presencas - ::1
[2025-11-23T02:19:00.156Z] POST /presencas/presencas - ::1
[2025-11-23T02:19:44.693Z] POST /sincronizar/sincronizar/ - ::1
[2025-11-23T02:19:44.755Z] GET /usuarios/usuarios/porEmail/admin@gmail.com - ::1
[2025-11-23T02:19:44.867Z] GET /inscricoes/inscricoes/porUserID/9 - ::1
[2025-11-23T02:19:44.924Z] GET /presencas/presencas/presencaUsuario/9 - ::1
[2025-11-23T02:19:44.936Z] GET /usuarios/usuarios/porEmail/TESTE4@gmail.com - ::1
[2025-11-23T02:19:44.947Z] GET /inscricoes/inscricoes/porUserID/15 - ::1
[2025-11-23T02:19:44.959Z] GET /presencas/presencas/presencaUsuario/15 - ::1
[2025-11-23T02:19:44.969Z] POST /presencas/presencas/ - ::1
[2025-11-23T18:04:28.741Z] POST /auth/auth/login - ::1
[2025-11-23T18:05:14.317Z] POST /auth/auth/login - ::1
[2025-11-23T18:05:57.201Z] POST /auth/auth/login - ::1
[2025-11-23T18:06:54.520Z] POST /auth/auth/login - ::1
[2025-11-23T18:11:04.976Z] POST /auth/auth/login - ::1
[2025-11-23T18:12:17.295Z] POST /auth/auth/login - ::1
[2025-11-23T18:12:44.788Z] POST /auth/auth/login - ::1
[2025-11-23T18:14:24.061Z] POST /auth/auth/login - ::1
